<?xml version="1.0" encoding="UTF-8"?>
<!-- Generated by org.testng.reporters.JUnitXMLReporter -->
<testsuite hostname="DLI10-IT-DHRM" name="Test1" tests="4" failures="2" timestamp="28 Apr 2020 12:30:42 GMT" time="6.861" errors="0">
  <testcase name="hybridTestAutomation" time="3.414" classname="com.safexpress.MDM.API_Automation.testcases.APITestUsermanagement"/>
  <testcase name="hybridTestAutomation" time="1.391" classname="com.safexpress.MDM.API_Automation.testcases.APITestUsermanagement">
    <failure type="com.google.common.base.VerifyException">
      <![CDATA[com.google.common.base.VerifyException
	at com.google.common.base.Verify.verify(Verify.java:100)
	at com.safexpress.MDM.API_Automation.managerClass.APIFrameworkDriver.automateAPITestcase(APIFrameworkDriver.java:1335)
	at com.safexpress.MDM.API_Automation.testcases.APITestUsermanagement.hybridTestAutomation(APITestUsermanagement.java:36)
... Removed 24 stack frames]]>
    </failure>
  </testcase> <!-- hybridTestAutomation -->
  <testcase name="hybridTestAutomation" time="0.933" classname="com.safexpress.MDM.API_Automation.testcases.APITestUsermanagement"/>
  <testcase name="hybridTestAutomation" time="0.56" classname="com.safexpress.MDM.API_Automation.testcases.APITestUsermanagement">
    <failure type="com.google.common.base.VerifyException">
      <![CDATA[com.google.common.base.VerifyException
	at com.google.common.base.Verify.verify(Verify.java:100)
	at com.safexpress.MDM.API_Automation.managerClass.APIFrameworkDriver.automateAPITestcase(APIFrameworkDriver.java:1335)
	at com.safexpress.MDM.API_Automation.testcases.APITestUsermanagement.hybridTestAutomation(APITestUsermanagement.java:36)
... Removed 24 stack frames]]>
    </failure>
  </testcase> <!-- hybridTestAutomation -->
</testsuite> <!-- Test1 -->
